npm warn exec The following package was not found and will be installed: serve@14.2.4
 INFO  Accepting connections at http://localhost:8080
 HTTP  5/28/2025 6:57:38 PM ::1 GET /
 HTTP  5/28/2025 6:57:38 PM ::1 Returned 200 in 17 ms
 HTTP  5/28/2025 6:57:38 PM ::1 GET /_next/static/media/a34f9d1faa5f3315-s.p.woff2
 HTTP  5/28/2025 6:57:38 PM ::1 GET /_next/static/css/b3cbcd051438d1d5.css
 HTTP  5/28/2025 6:57:38 PM ::1 Returned 200 in 5 ms
 HTTP  5/28/2025 6:57:38 PM ::1 Returned 200 in 5 ms
 HTTP  5/28/2025 6:57:38 PM ::1 GET /_next/static/chunks/webpack-d6abbf1fcfdef890.js
 HTTP  5/28/2025 6:57:38 PM ::1 GET /_next/static/chunks/4bd1b696-fc09fd79feedbf53.js
 HTTP  5/28/2025 6:57:38 PM ::1 GET /_next/static/chunks/684-616d9281813e80d3.js
 HTTP  5/28/2025 6:57:38 PM ::1 GET /_next/static/chunks/main-app-c1d0a5af8036d4aa.js
 HTTP  5/28/2025 6:57:38 PM ::1 GET /_next/static/chunks/934-9a72c08f876adca0.js
 HTTP  5/28/2025 6:57:38 PM ::1 Returned 200 in 6 ms
 HTTP  5/28/2025 6:57:38 PM ::1 GET /_next/static/chunks/app/page-290c47facd16085f.js
 HTTP  5/28/2025 6:57:38 PM ::1 Returned 200 in 10 ms
 HTTP  5/28/2025 6:57:38 PM ::1 Returned 200 in 7 ms
 HTTP  5/28/2025 6:57:38 PM ::1 Returned 200 in 12 ms
 HTTP  5/28/2025 6:57:38 PM ::1 Returned 200 in 10 ms
 HTTP  5/28/2025 6:57:38 PM ::1 Returned 200 in 10 ms
 HTTP  5/28/2025 6:57:38 PM ::1 GET /favicon.ico
 HTTP  5/28/2025 6:57:38 PM ::1 Returned 404 in 1 ms
 HTTP  5/28/2025 6:57:43 PM ::1 GET /
 HTTP  5/28/2025 6:57:43 PM ::1 Returned 304 in 1 ms
 HTTP  5/28/2025 6:57:43 PM ::1 GET /_next/static/media/a34f9d1faa5f3315-s.p.woff2
 HTTP  5/28/2025 6:57:43 PM ::1 GET /_next/static/css/b3cbcd051438d1d5.css
 HTTP  5/28/2025 6:57:43 PM ::1 Returned 304 in 1 ms
 HTTP  5/28/2025 6:57:43 PM ::1 Returned 304 in 1 ms
 HTTP  5/28/2025 6:57:43 PM ::1 GET /_next/static/chunks/webpack-d6abbf1fcfdef890.js
 HTTP  5/28/2025 6:57:43 PM ::1 GET /_next/static/chunks/4bd1b696-fc09fd79feedbf53.js
 HTTP  5/28/2025 6:57:43 PM ::1 Returned 304 in 0 ms
 HTTP  5/28/2025 6:57:43 PM ::1 Returned 304 in 1 ms
 HTTP  5/28/2025 6:57:43 PM ::1 GET /_next/static/chunks/684-616d9281813e80d3.js
 HTTP  5/28/2025 6:57:43 PM ::1 GET /_next/static/chunks/main-app-c1d0a5af8036d4aa.js
 HTTP  5/28/2025 6:57:43 PM ::1 GET /_next/static/chunks/934-9a72c08f876adca0.js
 HTTP  5/28/2025 6:57:43 PM ::1 GET /_next/static/chunks/app/page-290c47facd16085f.js
 HTTP  5/28/2025 6:57:43 PM ::1 Returned 304 in 1 ms
 HTTP  5/28/2025 6:57:43 PM ::1 Returned 304 in 1 ms
 HTTP  5/28/2025 6:57:43 PM ::1 Returned 304 in 1 ms
 HTTP  5/28/2025 6:57:43 PM ::1 Returned 304 in 2 ms
 HTTP  5/28/2025 6:57:49 PM ::1 GET /
 HTTP  5/28/2025 6:57:49 PM ::1 Returned 304 in 1 ms
 HTTP  5/28/2025 6:57:49 PM ::1 GET /_next/static/media/a34f9d1faa5f3315-s.p.woff2
 HTTP  5/28/2025 6:57:49 PM ::1 Returned 304 in 0 ms
 HTTP  5/28/2025 6:57:49 PM ::1 GET /_next/static/css/b3cbcd051438d1d5.css
 HTTP  5/28/2025 6:57:49 PM ::1 Returned 304 in 0 ms
 HTTP  5/28/2025 6:57:49 PM ::1 GET /_next/static/chunks/webpack-d6abbf1fcfdef890.js
 HTTP  5/28/2025 6:57:49 PM ::1 GET /_next/static/chunks/4bd1b696-fc09fd79feedbf53.js
 HTTP  5/28/2025 6:57:49 PM ::1 Returned 304 in 2 ms
 HTTP  5/28/2025 6:57:49 PM ::1 Returned 304 in 1 ms
 HTTP  5/28/2025 6:57:49 PM ::1 GET /_next/static/chunks/684-616d9281813e80d3.js
 HTTP  5/28/2025 6:57:49 PM ::1 Returned 304 in 0 ms
 HTTP  5/28/2025 6:57:49 PM ::1 GET /_next/static/chunks/main-app-c1d0a5af8036d4aa.js
 HTTP  5/28/2025 6:57:49 PM ::1 Returned 304 in 0 ms
 HTTP  5/28/2025 6:57:49 PM ::1 GET /_next/static/chunks/934-9a72c08f876adca0.js
 HTTP  5/28/2025 6:57:49 PM ::1 GET /_next/static/chunks/app/page-290c47facd16085f.js
 HTTP  5/28/2025 6:57:49 PM ::1 Returned 304 in 1 ms
 HTTP  5/28/2025 6:57:49 PM ::1 Returned 304 in 1 ms

 INFO  Gracefully shutting down. Please wait...
